<?xml version="1.0" encoding="UTF-8"?>
<testng-results ignored="0" total="1" passed="1" failed="0" skipped="0">
  <reporter-output>
  </reporter-output>
  <suite started-at="2024-11-05T18:28:19 IST" name="Default suite" finished-at="2024-11-05T18:28:35 IST" duration-ms="15689">
    <groups>
    </groups>
    <test started-at="2024-11-05T18:28:19 IST" name="Default test" finished-at="2024-11-05T18:28:35 IST" duration-ms="15689">
      <class name="Tests.T1_LoginTest">
        <test-method is-config="true" signature="chromeDriver()[pri:0, instance:Tests.T1_LoginTest@1a245833]" started-at="2024-11-05T18:28:19 IST" name="chromeDriver" finished-at="2024-11-05T18:28:21 IST" duration-ms="1646" status="PASS">
          <reporter-output>
          </reporter-output>
        </test-method> <!-- chromeDriver -->
        <test-method signature="loginTest()[pri:2, instance:Tests.T1_LoginTest@1a245833]" started-at="2024-11-05T18:28:21 IST" name="loginTest" finished-at="2024-11-05T18:28:33 IST" duration-ms="12227" status="PASS">
          <reporter-output>
          </reporter-output>
        </test-method> <!-- loginTest -->
        <test-method is-config="true" signature="quitDriver()[pri:0, instance:Tests.T1_LoginTest@1a245833]" started-at="2024-11-05T18:28:33 IST" name="quitDriver" finished-at="2024-11-05T18:28:35 IST" duration-ms="1786" status="PASS">
          <reporter-output>
          </reporter-output>
        </test-method> <!-- quitDriver -->
      </class> <!-- Tests.T1_LoginTest -->
    </test> <!-- Default test -->
  </suite> <!-- Default suite -->
</testng-results>
